<?xml version="1.0" encoding="utf-8" standalone="no"?>
<!--This file represents the results of running a test suite-->
<test-results name="C:\Users\kianoush.karbasi.DOMAIN\Documents\Visual Studio 2010\Projects\Sparshcom Integrator\Live server\TestXmlController\bin\Debug\TestXmlController.dll" total="0" errors="0" failures="0" not-run="0" inconclusive="0" ignored="0" skipped="0" invalid="0" date="2012-10-22" time="09:52:58">
  <environment nunit-version="2.6.1.12217" clr-version="2.0.50727.5456" os-version="Microsoft Windows NT 6.1.7601 Service Pack 1" platform="Win32NT" cwd="C:\Users\kianoush.karbasi.DOMAIN\Documents\Visual Studio 2010\Projects\Sparshcom Integrator\Live server\TestXmlController\bin\Debug" machine-name="BLOND-LAPTOP-02" user="kianoush.karbasi" user-domain="DOMAIN" />
  <culture-info current-culture="en-AU" current-uiculture="en-US" />
  <test-suite type="Assembly" name="C:\Users\kianoush.karbasi.DOMAIN\Documents\Visual Studio 2010\Projects\Sparshcom Integrator\Live server\TestXmlController\bin\Debug\TestXmlController.dll" executed="True" result="Inconclusive" success="False" time="0.025" asserts="0" />
</test-results>