<?xml version="1.0" encoding="UTF-8"?>
<TestRun id="ec2c386d-a247-443d-93e8-3e67d1de2656" name="kianoush.karbasi@BLOND-LAPTOP-02 2012-10-31 11:46:40" runUser="DOMAIN\kianoush.karbasi" xmlns="http://microsoft.com/schemas/VisualStudio/TeamTest/2010">
  <TestSettings name="Local" id="95a1edb0-65c2-4c96-820d-a08729a0d891">
    <Description>These are default test settings for a local test run.</Description>
    <Deployment enabled="false" runDeploymentRoot="kianoush.karbasi_BLOND-LAPTOP-02 2012-10-31 11_46_40">
      <DeploymentItem filename="C:\Users\kianoush.karbasi.DOMAIN\Documents\GitHub\Integrator\Live server\Integrator\bin\Integrator.dll" />
      <DeploymentItem filename="C:\Users\kianoush.karbasi.DOMAIN\Documents\GitHub\Integrator\Live server\packages\AutoPoco.1.0.0.0\lib\AutoPoco.dll" />
      <DeploymentItem filename="C:\Users\kianoush.karbasi.DOMAIN\Documents\GitHub\Integrator\Live server\Integrator.BL\bin\Debug\Integrator.BL.dll" />
      <DeploymentItem filename="C:\Program Files (x86)\NUnit 2.6.1\bin\framework\pnunit.framework.dll" />
      <DeploymentItem filename="C:\Program Files (x86)\NUnit 2.6.1\bin\framework\nunit.framework.dll" />
      <DeploymentItem filename="C:\Program Files (x86)\NUnit 2.6.1\bin\framework\nunit.mocks.dll" />
    </Deployment>
    <Execution>
      <TestTypeSpecific />
      <AgentRule name="Execution Agents">
      </AgentRule>
    </Execution>
  </TestSettings>
  <Times creation="2012-10-31T11:46:40.8074093+08:00" queuing="2012-10-31T11:46:41.3414627+08:00" start="2012-10-31T11:46:41.4084694+08:00" finish="2012-10-31T11:46:47.0150300+08:00" />
  <ResultSummary outcome="Failed">
    <Counters total="1" executed="1" error="0" failed="1" timeout="0" aborted="0" inconclusive="0" passedButRunAborted="0" notRunnable="0" notExecuted="0" disconnected="0" warning="0" passed="0" completed="0" inProgress="0" pending="0" />
    <RunInfos>
      <RunInfo computerName="BLOND-LAPTOP-02" outcome="Warning" timestamp="2012-10-31T11:46:41.0344320+08:00">
        <Text>Deployment is currently disabled. The deployment item 'Integrator.BL.dll' on test 'TestXmlController.MicrositeControllerTest.SaveFanIDImagesTest' was not deployed.</Text>
      </RunInfo>
    </RunInfos>
  </ResultSummary>
  <TestDefinitions>
    <UnitTest name="SaveFanIDImagesTest" storage="c:\users\kianoush.karbasi.domain\documents\github\integrator\live server\testxmlcontroller\bin\debug\testxmlcontroller.dll" id="305a0c13-0be4-953f-24ee-3162834513bd">
      <DeploymentItems>
        <DeploymentItem filename="Integrator.BL.dll" />
      </DeploymentItems>
      <Execution id="ade781e5-ea88-4f87-b245-fb8cbaa96286" />
      <TestMethod codeBase="C:/Users/kianoush.karbasi.DOMAIN/Documents/GitHub/Integrator/Live server/TestXmlController/bin/Debug/TestXmlController.DLL" adapterTypeName="Microsoft.VisualStudio.TestTools.TestTypes.Unit.UnitTestAdapter, Microsoft.VisualStudio.QualityTools.Tips.UnitTest.Adapter, Version=10.0.0.0, Culture=neutral, PublicKeyToken=b03f5f7f11d50a3a" className="TestXmlController.MicrositeControllerTest, TestXmlController, Version=1.0.0.0, Culture=neutral, PublicKeyToken=null" name="SaveFanIDImagesTest" />
    </UnitTest>
  </TestDefinitions>
  <TestLists>
    <TestList name="Results Not in a List" id="8c84fa94-04c1-424b-9868-57a2d4851a1d" />
    <TestList name="All Loaded Results" id="19431567-8539-422a-85d7-44ee4e166bda" />
  </TestLists>
  <TestEntries>
    <TestEntry testId="305a0c13-0be4-953f-24ee-3162834513bd" executionId="ade781e5-ea88-4f87-b245-fb8cbaa96286" testListId="8c84fa94-04c1-424b-9868-57a2d4851a1d" />
  </TestEntries>
  <Results>
    <UnitTestResult executionId="ade781e5-ea88-4f87-b245-fb8cbaa96286" testId="305a0c13-0be4-953f-24ee-3162834513bd" testName="SaveFanIDImagesTest" computerName="BLOND-LAPTOP-02" duration="00:00:03.6571878" startTime="2012-10-31T11:46:41.4364722+08:00" endTime="2012-10-31T11:46:45.4548740+08:00" testType="13cdc9d9-ddb5-4fa4-a97d-d965ccfc6d4b" outcome="Failed" testListId="8c84fa94-04c1-424b-9868-57a2d4851a1d" relativeResultsDirectory="ade781e5-ea88-4f87-b245-fb8cbaa96286">
      <Output>
        <ErrorInfo>
          <Message>Assert.IsFalse failed. File path hasn't been updated in database for useruploadedgraphic</Message>
          <StackTrace>   at TestXmlController.MicrositeControllerTest.SaveFanIDImagesTest() in C:\Users\kianoush.karbasi.DOMAIN\Documents\GitHub\Integrator\Live server\TestXmlController\MicrositeControllerTest.cs:line 104
</StackTrace>
        </ErrorInfo>
      </Output>
    </UnitTestResult>
  </Results>
</TestRun>